<?xml version="1.0" encoding="UTF-8"?>
<coverage generated="1730905903900" clover="3.2.0">
  <project timestamp="1730905903900" name="All files">
    <metrics statements="18" coveredstatements="16" conditionals="6" coveredconditionals="3" methods="7" coveredmethods="7" elements="31" coveredelements="26" complexity="0" loc="18" ncloc="18" packages="3" files="3" classes="3"/>
    <package name="FormInput">
      <metrics statements="2" coveredstatements="2" conditionals="2" coveredconditionals="1" methods="1" coveredmethods="1"/>
      <file name="index.tsx" path="/home/gabri/github/integration-engineer-take-home/frontend/src/components/FormInput/index.tsx">
        <metrics statements="2" coveredstatements="2" conditionals="2" coveredconditionals="1" methods="1" coveredmethods="1"/>
        <line num="12" count="1" type="stmt"/>
        <line num="19" count="3" type="stmt"/>
      </file>
    </package>
    <package name="Header">
      <metrics statements="2" coveredstatements="2" conditionals="0" coveredconditionals="0" methods="1" coveredmethods="1"/>
      <file name="index.tsx" path="/home/gabri/github/integration-engineer-take-home/frontend/src/components/Header/index.tsx">
        <metrics statements="2" coveredstatements="2" conditionals="0" coveredconditionals="0" methods="1" coveredmethods="1"/>
        <line num="4" count="1" type="stmt"/>
        <line num="5" count="2" type="stmt"/>
      </file>
    </package>
    <package name="TaskCard">
      <metrics statements="14" coveredstatements="12" conditionals="4" coveredconditionals="2" methods="5" coveredmethods="5"/>
      <file name="index.tsx" path="/home/gabri/github/integration-engineer-take-home/frontend/src/components/TaskCard/index.tsx">
        <metrics statements="14" coveredstatements="12" conditionals="4" coveredconditionals="2" methods="5" coveredmethods="5"/>
        <line num="11" count="1" type="stmt"/>
        <line num="12" count="4" type="stmt"/>
        <line num="13" count="4" type="stmt"/>
        <line num="15" count="4" type="stmt"/>
        <line num="19" count="1" type="stmt"/>
        <line num="23" count="4" type="stmt"/>
        <line num="24" count="4" type="cond" truecount="1" falsecount="1"/>
        <line num="25" count="0" type="stmt"/>
        <line num="28" count="4" type="cond" truecount="1" falsecount="1"/>
        <line num="29" count="0" type="stmt"/>
        <line num="32" count="4" type="stmt"/>
        <line num="35" count="4" type="stmt"/>
        <line num="44" count="1" type="stmt"/>
        <line num="50" count="1" type="stmt"/>
      </file>
    </package>
  </project>
</coverage>
