{"/home/gabri/github/integration-engineer-take-home/frontend/src/components/FormInput/index.tsx": {"path":"/home/gabri/github/integration-engineer-take-home/frontend/src/components/FormInput/index.tsx","statementMap":{"0":{"start":{"line":12,"column":25},"end":{"line":33,"column":1}},"1":{"start":{"line":19,"column":2},"end":{"line":32,"column":4}}},"fnMap":{"0":{"name":"(anonymous_0)","decl":{"start":{"line":12,"column":25},"end":{"line":12,"column":26}},"loc":{"start":{"line":18,"column":22},"end":{"line":33,"column":1}},"line":18}},"branchMap":{"0":{"loc":{"start":{"line":14,"column":2},"end":{"line":14,"column":20}},"type":"default-arg","locations":[{"start":{"line":14,"column":14},"end":{"line":14,"column":20}}],"line":14},"1":{"loc":{"start":{"line":17,"column":2},"end":{"line":17,"column":19}},"type":"default-arg","locations":[{"start":{"line":17,"column":15},"end":{"line":17,"column":19}}],"line":17}},"s":{"0":1,"1":3},"f":{"0":3},"b":{"0":[0],"1":[1]},"_coverageSchema":"1a1c01bbd47fc00a2c39e90264f33305004495a9","hash":"e841616cc363c087c1158c94ec24a9fbddec897b"}
,"/home/gabri/github/integration-engineer-take-home/frontend/src/components/Header/index.tsx": {"path":"/home/gabri/github/integration-engineer-take-home/frontend/src/components/Header/index.tsx","statementMap":{"0":{"start":{"line":4,"column":22},"end":{"line":16,"column":1}},"1":{"start":{"line":5,"column":2},"end":{"line":15,"column":4}}},"fnMap":{"0":{"name":"(anonymous_0)","decl":{"start":{"line":4,"column":22},"end":{"line":4,"column":23}},"loc":{"start":{"line":4,"column":28},"end":{"line":16,"column":1}},"line":4}},"branchMap":{},"s":{"0":1,"1":2},"f":{"0":2},"b":{},"_coverageSchema":"1a1c01bbd47fc00a2c39e90264f33305004495a9","hash":"11e12df9f128acc0473d950302579412b1a1a1c5"}
,"/home/gabri/github/integration-engineer-take-home/frontend/src/components/TaskCard/index.tsx": {"path":"/home/gabri/github/integration-engineer-take-home/frontend/src/components/TaskCard/index.tsx","statementMap":{"0":{"start":{"line":11,"column":24},"end":{"line":57,"column":1}},"1":{"start":{"line":12,"column":22},"end":{"line":12,"column":38}},"2":{"start":{"line":13,"column":19},"end":{"line":13,"column":32}},"3":{"start":{"line":15,"column":29},"end":{"line":21,"column":4}},"4":{"start":{"line":19,"column":6},"end":{"line":19,"column":61}},"5":{"start":{"line":23,"column":31},"end":{"line":33,"column":3}},"6":{"start":{"line":24,"column":4},"end":{"line":26,"column":5}},"7":{"start":{"line":25,"column":6},"end":{"line":25,"column":24}},"8":{"start":{"line":28,"column":4},"end":{"line":30,"column":5}},"9":{"start":{"line":29,"column":6},"end":{"line":29,"column":97}},"10":{"start":{"line":32,"column":4},"end":{"line":32,"column":20}},"11":{"start":{"line":35,"column":2},"end":{"line":56,"column":4}},"12":{"start":{"line":44,"column":31},"end":{"line":44,"column":64}},"13":{"start":{"line":50,"column":25},"end":{"line":50,"column":59}}},"fnMap":{"0":{"name":"(anonymous_0)","decl":{"start":{"line":11,"column":24},"end":{"line":11,"column":25}},"loc":{"start":{"line":11,"column":53},"end":{"line":57,"column":1}},"line":11},"1":{"name":"(anonymous_1)","decl":{"start":{"line":17,"column":15},"end":{"line":17,"column":16}},"loc":{"start":{"line":17,"column":21},"end":{"line":20,"column":5}},"line":17},"2":{"name":"(anonymous_2)","decl":{"start":{"line":23,"column":31},"end":{"line":23,"column":32}},"loc":{"start":{"line":23,"column":37},"end":{"line":33,"column":3}},"line":23},"3":{"name":"(anonymous_3)","decl":{"start":{"line":44,"column":25},"end":{"line":44,"column":26}},"loc":{"start":{"line":44,"column":31},"end":{"line":44,"column":64}},"line":44},"4":{"name":"(anonymous_4)","decl":{"start":{"line":50,"column":19},"end":{"line":50,"column":20}},"loc":{"start":{"line":50,"column":25},"end":{"line":50,"column":59}},"line":50}},"branchMap":{"0":{"loc":{"start":{"line":24,"column":4},"end":{"line":26,"column":5}},"type":"if","locations":[{"start":{"line":24,"column":4},"end":{"line":26,"column":5}},{"start":{},"end":{}}],"line":24},"1":{"loc":{"start":{"line":28,"column":4},"end":{"line":30,"column":5}},"type":"if","locations":[{"start":{"line":28,"column":4},"end":{"line":30,"column":5}},{"start":{},"end":{}}],"line":28}},"s":{"0":1,"1":4,"2":4,"3":4,"4":1,"5":4,"6":4,"7":0,"8":4,"9":0,"10":4,"11":4,"12":1,"13":1},"f":{"0":4,"1":1,"2":4,"3":1,"4":1},"b":{"0":[0,4],"1":[0,4]},"_coverageSchema":"1a1c01bbd47fc00a2c39e90264f33305004495a9","hash":"d9b9fdb989bc66ef3c334f88852f998554c06782"}
}
