TN:
SF:src/components/FormInput/index.tsx
FN:12,(anonymous_0)
FNF:1
FNH:1
FNDA:3,(anonymous_0)
DA:12,1
DA:19,3
LF:2
LH:2
BRDA:14,0,0,0
BRDA:17,1,0,1
BRF:2
BRH:1
end_of_record
TN:
SF:src/components/Header/index.tsx
FN:4,(anonymous_0)
FNF:1
FNH:1
FNDA:2,(anonymous_0)
DA:4,1
DA:5,2
LF:2
LH:2
BRF:0
BRH:0
end_of_record
TN:
SF:src/components/TaskCard/index.tsx
FN:11,(anonymous_0)
FN:17,(anonymous_1)
FN:23,(anonymous_2)
FN:44,(anonymous_3)
FN:50,(anonymous_4)
FNF:5
FNH:5
FNDA:4,(anonymous_0)
FNDA:1,(anonymous_1)
FNDA:4,(anonymous_2)
FNDA:1,(anonymous_3)
FNDA:1,(anonymous_4)
DA:11,1
DA:12,4
DA:13,4
DA:15,4
DA:19,1
DA:23,4
DA:24,4
DA:25,0
DA:28,4
DA:29,0
DA:32,4
DA:35,4
DA:44,1
DA:50,1
LF:14
LH:12
BRDA:24,0,0,0
BRDA:24,0,1,4
BRDA:28,1,0,0
BRDA:28,1,1,4
BRF:4
BRH:2
end_of_record
